AUDIOCHECKER v2.0 beta (build 457) - by Dester - opdester@freemail.hu
~~~~~~~~~~~~~~~~~~~~~~~~~~~~~~~~~~

Started at: воскресенье, 26. 06. 2016. - 1:00.44
11 files found

01 -===- D:\001 japan flac\Fear, And Loathing In Las Vegas\2015 Fear, and Loathing in Las Vegas - Feeling of Unity flac\01.Cast Your Shell.flac
  Extracted successfully
  Conclusion: this track is CDDA with probability 100%
  Tempfile successfully deleted.

02 -===- D:\001 japan flac\Fear, And Loathing In Las Vegas\2015 Fear, and Loathing in Las Vegas - Feeling of Unity flac\02.Meaning of Existence.flac
  Extracted successfully
  Conclusion: this track is CDDA with probability 99%
  Tempfile successfully deleted.

03 -===- D:\001 japan flac\Fear, And Loathing In Las Vegas\2015 Fear, and Loathing in Las Vegas - Feeling of Unity flac\03.Escape from the Loop.flac
  Extracted successfully
  Conclusion: this track is CDDA with probability 100%
  Tempfile successfully deleted.

04 -===- D:\001 japan flac\Fear, And Loathing In Las Vegas\2015 Fear, and Loathing in Las Vegas - Feeling of Unity flac\04.Starburst.flac
  Extracted successfully
  Conclusion: this track is CDDA with probability 100%
  Tempfile successfully deleted.

05 -===- D:\001 japan flac\Fear, And Loathing In Las Vegas\2015 Fear, and Loathing in Las Vegas - Feeling of Unity flac\05.Interlude.flac
  Extracted successfully
  Conclusion: this track is CDDA with probability 100%
  Tempfile successfully deleted.

06 -===- D:\001 japan flac\Fear, And Loathing In Las Vegas\2015 Fear, and Loathing in Las Vegas - Feeling of Unity flac\06.Party Boys.flac
  Extracted successfully
  Conclusion: this track is CDDA with probability 100%
  Tempfile successfully deleted.

07 -===- D:\001 japan flac\Fear, And Loathing In Las Vegas\2015 Fear, and Loathing in Las Vegas - Feeling of Unity flac\07.Gratitude.flac
  Extracted successfully
  Conclusion: this track is CDDA with probability 100%
  Tempfile successfully deleted.

08 -===- D:\001 japan flac\Fear, And Loathing In Las Vegas\2015 Fear, and Loathing in Las Vegas - Feeling of Unity flac\08.Ignite Your Frail Mind.flac
  Extracted successfully
  Conclusion: this track is CDDA with probability 100%
  Tempfile successfully deleted.

09 -===- D:\001 japan flac\Fear, And Loathing In Las Vegas\2015 Fear, and Loathing in Las Vegas - Feeling of Unity flac\09.The Demon Called Careless.flac
  Extracted successfully
  Conclusion: this track is CDDA with probability 100%
  Tempfile successfully deleted.

10 -===- D:\001 japan flac\Fear, And Loathing In Las Vegas\2015 Fear, and Loathing in Las Vegas - Feeling of Unity flac\10.Let Me Hear.flac
  Extracted successfully
  Conclusion: this track is CDDA with probability 100%
  Tempfile successfully deleted.

11 -===- D:\001 japan flac\Fear, And Loathing In Las Vegas\2015 Fear, and Loathing in Las Vegas - Feeling of Unity flac\11.Journey to Aim High.flac
  Extracted successfully
  Conclusion: this track is CDDA with probability 100%
  Tempfile successfully deleted.


Finished at: воскресенье, 26. 06. 2016. - 1:03.04 (operation time: 0:02.20)
